c:\users\v-yizzho\documents\visual studio 2015\projects\master_control\master_control\debug\master_control.pch
c:\users\v-yizzho\documents\visual studio 2015\projects\master_control\master_control\debug\vc140.pdb
c:\users\v-yizzho\documents\visual studio 2015\projects\master_control\master_control\debug\vc140.idb
c:\users\v-yizzho\documents\visual studio 2015\projects\master_control\master_control\debug\pch.obj
c:\users\v-yizzho\documents\visual studio 2015\projects\master_control\master_control\debug\master_control.obj
c:\users\v-yizzho\documents\visual studio 2015\projects\master_control\master_control\debug\dllmain.obj
c:\users\v-yizzho\documents\visual studio 2015\projects\master_control\debug\master_control\master_control.ilk
c:\users\v-yizzho\documents\visual studio 2015\projects\master_control\debug\master_control\master_control.dll
c:\users\v-yizzho\documents\visual studio 2015\projects\master_control\debug\master_control\master_control.pdb
c:\users\v-yizzho\documents\visual studio 2015\projects\master_control\debug\master_control\master_control.lib
c:\users\v-yizzho\documents\visual studio 2015\projects\master_control\debug\master_control\master_control.exp
c:\users\v-yizzho\documents\visual studio 2015\projects\master_control\master_control\debug\priconfig.xml
c:\users\v-yizzho\documents\visual studio 2015\projects\master_control\master_control\debug\priconfig.xml.intermediate
c:\users\v-yizzho\documents\visual studio 2015\projects\master_control\master_control\debug\layout.resfiles
c:\users\v-yizzho\documents\visual studio 2015\projects\master_control\master_control\debug\layout.resfiles.intermediate
c:\users\v-yizzho\documents\visual studio 2015\projects\master_control\master_control\debug\resources.resfiles
c:\users\v-yizzho\documents\visual studio 2015\projects\master_control\master_control\debug\resources.resfiles.intermediate
c:\users\v-yizzho\documents\visual studio 2015\projects\master_control\master_control\debug\pri.resfiles
c:\users\v-yizzho\documents\visual studio 2015\projects\master_control\master_control\debug\pri.resfiles.intermediate
c:\users\v-yizzho\documents\visual studio 2015\projects\master_control\debug\master_control\master_control.pri
c:\users\v-yizzho\documents\visual studio 2015\projects\master_control\master_control\debug\qualifiers.txt
c:\users\v-yizzho\documents\visual studio 2015\projects\master_control\master_control\debug\qualifiers.txt.intermediate
c:\users\v-yizzho\documents\visual studio 2015\projects\master_control\master_control\debug\multiplequalifiersperdimensionfound.txt
c:\users\v-yizzho\documents\visual studio 2015\projects\master_control\master_control\debug\embed.resfiles
c:\users\v-yizzho\documents\visual studio 2015\projects\master_control\master_control\debug\master_control.tlog\cl.command.1.tlog
c:\users\v-yizzho\documents\visual studio 2015\projects\master_control\master_control\debug\master_control.tlog\cl.read.1.tlog
c:\users\v-yizzho\documents\visual studio 2015\projects\master_control\master_control\debug\master_control.tlog\cl.write.1.tlog
c:\users\v-yizzho\documents\visual studio 2015\projects\master_control\master_control\debug\master_control.tlog\link.command.1.tlog
c:\users\v-yizzho\documents\visual studio 2015\projects\master_control\master_control\debug\master_control.tlog\link.read.1.tlog
c:\users\v-yizzho\documents\visual studio 2015\projects\master_control\master_control\debug\master_control.tlog\link.write.1.tlog
c:\users\v-yizzho\documents\visual studio 2015\projects\master_control\master_control\debug\master_control.tlog\master_control.read.1u.tlog
c:\users\v-yizzho\documents\visual studio 2015\projects\master_control\master_control\debug\master_control.tlog\master_control.write.1u.tlog
